<?xml version="1.0" encoding="UTF-8"?>
<!-- Generated by org.testng.reporters.JUnitReportReporter -->
<testsuite hostname="Bavanam" failures="0" tests="1" name="ui.VerifyTitleTest" time="4.382" errors="0" timestamp="2023-10-09T15:58:49 EDT" skipped="0">
  <testcase classname="ui.VerifyTitleTest" name="titleTest" time="4.382"/>
</testsuite> <!-- ui.VerifyTitleTest -->
