<?xml version="1.0" encoding="UTF-8"?>
<!-- Generated by org.testng.reporters.JUnitReportReporter -->
<testsuite hostname="Bavanam" failures="0" tests="2" name="ui.Login" time="0.007" errors="0" timestamp="2023-10-26T12:17:39 EDT" skipped="0">
  <testcase classname="ui.Login" name="loginTest" time="0.005"/>
  <testcase classname="ui.Login" name="logoutTest" time="0.002"/>
</testsuite> <!-- ui.Login -->
